 ** INFO: Initialising the parameters of the calculation
 ** INFO:   --> done!
 ** INFO: Checking the consistency of the input file
 ** INFO: Checking the consistency of the process parameters
 ** INFO:   --> done!
 ** INFO: Born cross section calculation
 ** INFO:   --> Initialisation of the integrator
 ** INFO:   --> Warm-up results: 798.018 +/- 136.356 pb  (@ 17.09%)
 ** INFO:   --> Refine-1 results: 1419.44 +/- 19.3063 pb  (@ 1.36%)
 ** INFO:   --> Refine-2 results: 1432.31 +/- 5.28847 pb  (@ 0.37%)
 ** INFO:   --> Refine-3 results: 1436.82 +/- 1.68797 pb  (@ 0.12%)
 ** INFO:   --> Final results: 1436.82 +/- 1.68797 pb  (@ 0.12%)
 ** INFO: NLO cross section calculation
 ** INFO:   --> LO component
 ** INFO:   --> Initialisation of the integrator
 ** INFO:   --> Warm-up results: 756.189 +/- 71.8876 pb  (@ 9.51%)
 ** INFO:   --> Refine-1 results: 1662.68 +/- 26.2817 pb  (@ 1.58%)
 ** INFO:   --> Refine-2 results: 1664.39 +/- 6.30242 pb  (@ 0.38%)
 ** INFO:   --> Refine-3 results: 1668.25 +/- 1.96386 pb  (@ 0.12%)
 ** INFO:   --> LO component results: 1668.25 +/- 1.96386 pb  (@ 0.12%)
 ** INFO:   --> "Virtual + dipole" component
 ** INFO:   --> Initialisation of the integrator
